#! /c/Source/iverilog-install/bin/vvp
:ivl_version "12.0 (devel)" "(s20150603-1539-g2693dd32b)";
:ivl_delay_selection "TYPICAL";
:vpi_time_precision + 0;
:vpi_module "C:\iverilog\lib\ivl\system.vpi";
:vpi_module "C:\iverilog\lib\ivl\vhdl_sys.vpi";
:vpi_module "C:\iverilog\lib\ivl\vhdl_textio.vpi";
:vpi_module "C:\iverilog\lib\ivl\v2005_math.vpi";
:vpi_module "C:\iverilog\lib\ivl\va_math.vpi";
S_00000174a35827f0 .scope module, "control_unit" "control_unit" 2 1;
 .timescale 0 0;
    .port_info 0 /INPUT 6 "opcode";
    .port_info 1 /OUTPUT 1 "reg_write";
    .port_info 2 /OUTPUT 1 "mem_to_reg";
    .port_info 3 /OUTPUT 1 "mem_read";
    .port_info 4 /OUTPUT 1 "alu_src";
    .port_info 5 /OUTPUT 3 "alu_control";
v00000174a3583290_0 .var "alu_control", 2 0;
v00000174a3582980_0 .var "alu_src", 0 0;
v00000174a3582a20_0 .var "mem_read", 0 0;
v00000174a3582ac0_0 .var "mem_to_reg", 0 0;
o00000174a35b7098 .functor BUFZ 6, C4<zzzzzz>; HiZ drive
v00000174a3582b60_0 .net "opcode", 5 0, o00000174a35b7098;  0 drivers
v00000174a3582c00_0 .var "reg_write", 0 0;
E_00000174a34fc290 .event anyedge, v00000174a3582b60_0;
    .scope S_00000174a35827f0;
T_0 ;
    %wait E_00000174a34fc290;
    %load/vec4 v00000174a3582b60_0;
    %dup/vec4;
    %pushi/vec4 35, 0, 6;
    %cmp/u;
    %jmp/1 T_0.0, 6;
    %pushi/vec4 0, 0, 1;
    %store/vec4 v00000174a3582c00_0, 0, 1;
    %pushi/vec4 0, 0, 1;
    %store/vec4 v00000174a3582ac0_0, 0, 1;
    %pushi/vec4 0, 0, 1;
    %store/vec4 v00000174a3582a20_0, 0, 1;
    %pushi/vec4 0, 0, 1;
    %store/vec4 v00000174a3582980_0, 0, 1;
    %pushi/vec4 0, 0, 3;
    %store/vec4 v00000174a3583290_0, 0, 3;
    %jmp T_0.2;
T_0.0 ;
    %pushi/vec4 1, 0, 1;
    %store/vec4 v00000174a3582c00_0, 0, 1;
    %pushi/vec4 1, 0, 1;
    %store/vec4 v00000174a3582ac0_0, 0, 1;
    %pushi/vec4 1, 0, 1;
    %store/vec4 v00000174a3582a20_0, 0, 1;
    %pushi/vec4 1, 0, 1;
    %store/vec4 v00000174a3582980_0, 0, 1;
    %pushi/vec4 2, 0, 3;
    %store/vec4 v00000174a3583290_0, 0, 3;
    %jmp T_0.2;
T_0.2 ;
    %pop/vec4 1;
    %jmp T_0;
    .thread T_0, $push;
# The file index is used to find the file name in the following table.
:file_names 3;
    "N/A";
    "<interactive>";
    "Control.v";
