#! /c/Source/iverilog-install/bin/vvp
:ivl_version "12.0 (devel)" "(s20150603-1539-g2693dd32b)";
:ivl_delay_selection "TYPICAL";
:vpi_time_precision + 0;
:vpi_module "C:\iverilog\lib\ivl\system.vpi";
:vpi_module "C:\iverilog\lib\ivl\vhdl_sys.vpi";
:vpi_module "C:\iverilog\lib\ivl\vhdl_textio.vpi";
:vpi_module "C:\iverilog\lib\ivl\v2005_math.vpi";
:vpi_module "C:\iverilog\lib\ivl\va_math.vpi";
S_0000028f949c6720 .scope module, "ALU" "ALU" 2 1;
 .timescale 0 0;
    .port_info 0 /INPUT 32 "a";
    .port_info 1 /INPUT 32 "b";
    .port_info 2 /INPUT 3 "alu_control";
    .port_info 3 /OUTPUT 32 "result";
    .port_info 4 /OUTPUT 1 "zero";
L_0000028f94a57c38 .functor BUFT 1, C4<00000000000000000000000000000000>, C4<0>, C4<0>, C4<0>;
v0000028f949c6ed0_0 .net/2u *"_ivl_0", 31 0, L_0000028f94a57c38;  1 drivers
o0000028f94a17008 .functor BUFZ 32, C4<zzzzzzzzzzzzzzzzzzzzzzzzzzzzzzzz>; HiZ drive
v0000028f949c7110_0 .net "a", 31 0, o0000028f94a17008;  0 drivers
o0000028f94a17038 .functor BUFZ 3, C4<zzz>; HiZ drive
v0000028f949c68b0_0 .net "alu_control", 2 0, o0000028f94a17038;  0 drivers
o0000028f94a17068 .functor BUFZ 32, C4<zzzzzzzzzzzzzzzzzzzzzzzzzzzzzzzz>; HiZ drive
v0000028f949c6950_0 .net "b", 31 0, o0000028f94a17068;  0 drivers
v0000028f949c69f0_0 .var "result", 31 0;
v0000028f949c6a90_0 .net "zero", 0 0, L_0000028f949cbb40;  1 drivers
E_0000028f94a15e50 .event anyedge, v0000028f949c68b0_0, v0000028f949c7110_0, v0000028f949c6950_0;
L_0000028f949cbb40 .cmp/eq 32, v0000028f949c69f0_0, L_0000028f94a57c38;
    .scope S_0000028f949c6720;
T_0 ;
    %wait E_0000028f94a15e50;
    %load/vec4 v0000028f949c68b0_0;
    %dup/vec4;
    %pushi/vec4 0, 0, 3;
    %cmp/u;
    %jmp/1 T_0.0, 6;
    %dup/vec4;
    %pushi/vec4 1, 0, 3;
    %cmp/u;
    %jmp/1 T_0.1, 6;
    %dup/vec4;
    %pushi/vec4 2, 0, 3;
    %cmp/u;
    %jmp/1 T_0.2, 6;
    %dup/vec4;
    %pushi/vec4 3, 0, 3;
    %cmp/u;
    %jmp/1 T_0.3, 6;
    %dup/vec4;
    %pushi/vec4 4, 0, 3;
    %cmp/u;
    %jmp/1 T_0.4, 6;
    %pushi/vec4 0, 0, 32;
    %store/vec4 v0000028f949c69f0_0, 0, 32;
    %jmp T_0.6;
T_0.0 ;
    %load/vec4 v0000028f949c7110_0;
    %load/vec4 v0000028f949c6950_0;
    %and;
    %store/vec4 v0000028f949c69f0_0, 0, 32;
    %jmp T_0.6;
T_0.1 ;
    %load/vec4 v0000028f949c7110_0;
    %load/vec4 v0000028f949c6950_0;
    %or;
    %store/vec4 v0000028f949c69f0_0, 0, 32;
    %jmp T_0.6;
T_0.2 ;
    %load/vec4 v0000028f949c7110_0;
    %load/vec4 v0000028f949c6950_0;
    %add;
    %store/vec4 v0000028f949c69f0_0, 0, 32;
    %jmp T_0.6;
T_0.3 ;
    %load/vec4 v0000028f949c7110_0;
    %load/vec4 v0000028f949c6950_0;
    %sub;
    %store/vec4 v0000028f949c69f0_0, 0, 32;
    %jmp T_0.6;
T_0.4 ;
    %load/vec4 v0000028f949c7110_0;
    %load/vec4 v0000028f949c6950_0;
    %cmp/u;
    %flag_get/vec4 5;
    %pad/u 32;
    %store/vec4 v0000028f949c69f0_0, 0, 32;
    %jmp T_0.6;
T_0.6 ;
    %pop/vec4 1;
    %jmp T_0;
    .thread T_0, $push;
# The file index is used to find the file name in the following table.
:file_names 3;
    "N/A";
    "<interactive>";
    "ALU.v";
