#! /c/Source/iverilog-install/bin/vvp
:ivl_version "12.0 (devel)" "(s20150603-1539-g2693dd32b)";
:ivl_delay_selection "TYPICAL";
:vpi_time_precision - 9;
:vpi_module "C:\iverilog\lib\ivl\system.vpi";
:vpi_module "C:\iverilog\lib\ivl\vhdl_sys.vpi";
:vpi_module "C:\iverilog\lib\ivl\vhdl_textio.vpi";
:vpi_module "C:\iverilog\lib\ivl\v2005_math.vpi";
:vpi_module "C:\iverilog\lib\ivl\va_math.vpi";
S_000002c41c46afd0 .scope module, "alu_tb" "alu_tb" 2 4;
 .timescale -9 -9;
v000002c41c46b160_0 .var "a", 31 0;
v000002c41c46b200_0 .var "alu_control", 2 0;
v000002c41c46d510_0 .var "b", 31 0;
v000002c41c46d5b0_0 .net "result", 31 0, v000002c41c46ad30_0;  1 drivers
v000002c41c46d650_0 .net "zero", 0 0, L_000002c41c46d6f0;  1 drivers
S_000002c41c46d380 .scope module, "uut" "ALU" 2 14, 3 1 0, S_000002c41c46afd0;
 .timescale -9 -9;
    .port_info 0 /INPUT 32 "a";
    .port_info 1 /INPUT 32 "b";
    .port_info 2 /INPUT 3 "alu_control";
    .port_info 3 /OUTPUT 32 "result";
    .port_info 4 /OUTPUT 1 "zero";
L_000002c41c509858 .functor BUFT 1, C4<00000000000000000000000000000000>, C4<0>, C4<0>, C4<0>;
v000002c41c466f30_0 .net/2u *"_ivl_0", 31 0, L_000002c41c509858;  1 drivers
v000002c41c466b60_0 .net "a", 31 0, v000002c41c46b160_0;  1 drivers
v000002c41c467170_0 .net "alu_control", 2 0, v000002c41c46b200_0;  1 drivers
v000002c41c46be60_0 .net "b", 31 0, v000002c41c46d510_0;  1 drivers
v000002c41c46ad30_0 .var "result", 31 0;
v000002c41c46add0_0 .net "zero", 0 0, L_000002c41c46d6f0;  alias, 1 drivers
E_000002c41c4a64f0 .event anyedge, v000002c41c467170_0, v000002c41c466b60_0, v000002c41c46be60_0;
L_000002c41c46d6f0 .cmp/eq 32, v000002c41c46ad30_0, L_000002c41c509858;
    .scope S_000002c41c46d380;
T_0 ;
    %wait E_000002c41c4a64f0;
    %load/vec4 v000002c41c467170_0;
    %dup/vec4;
    %pushi/vec4 0, 0, 3;
    %cmp/u;
    %jmp/1 T_0.0, 6;
    %dup/vec4;
    %pushi/vec4 1, 0, 3;
    %cmp/u;
    %jmp/1 T_0.1, 6;
    %dup/vec4;
    %pushi/vec4 2, 0, 3;
    %cmp/u;
    %jmp/1 T_0.2, 6;
    %dup/vec4;
    %pushi/vec4 3, 0, 3;
    %cmp/u;
    %jmp/1 T_0.3, 6;
    %dup/vec4;
    %pushi/vec4 4, 0, 3;
    %cmp/u;
    %jmp/1 T_0.4, 6;
    %pushi/vec4 0, 0, 32;
    %store/vec4 v000002c41c46ad30_0, 0, 32;
    %jmp T_0.6;
T_0.0 ;
    %load/vec4 v000002c41c466b60_0;
    %load/vec4 v000002c41c46be60_0;
    %and;
    %store/vec4 v000002c41c46ad30_0, 0, 32;
    %jmp T_0.6;
T_0.1 ;
    %load/vec4 v000002c41c466b60_0;
    %load/vec4 v000002c41c46be60_0;
    %or;
    %store/vec4 v000002c41c46ad30_0, 0, 32;
    %jmp T_0.6;
T_0.2 ;
    %load/vec4 v000002c41c466b60_0;
    %load/vec4 v000002c41c46be60_0;
    %add;
    %store/vec4 v000002c41c46ad30_0, 0, 32;
    %jmp T_0.6;
T_0.3 ;
    %load/vec4 v000002c41c466b60_0;
    %load/vec4 v000002c41c46be60_0;
    %sub;
    %store/vec4 v000002c41c46ad30_0, 0, 32;
    %jmp T_0.6;
T_0.4 ;
    %load/vec4 v000002c41c466b60_0;
    %load/vec4 v000002c41c46be60_0;
    %cmp/u;
    %flag_get/vec4 5;
    %pad/u 32;
    %store/vec4 v000002c41c46ad30_0, 0, 32;
    %jmp T_0.6;
T_0.6 ;
    %pop/vec4 1;
    %jmp T_0;
    .thread T_0, $push;
    .scope S_000002c41c46afd0;
T_1 ;
    %vpi_call 2 24 "$dumpfile", "ALU_tb.vcd" {0 0 0};
    %vpi_call 2 25 "$dumpvars", 32'sb00000000000000000000000000000000, S_000002c41c46afd0 {0 0 0};
    %pushi/vec4 1, 0, 32;
    %store/vec4 v000002c41c46b160_0, 0, 32;
    %pushi/vec4 1, 0, 32;
    %store/vec4 v000002c41c46d510_0, 0, 32;
    %pushi/vec4 0, 0, 3;
    %store/vec4 v000002c41c46b200_0, 0, 3;
    %delay 20, 0;
    %pushi/vec4 1, 0, 32;
    %store/vec4 v000002c41c46b160_0, 0, 32;
    %pushi/vec4 0, 0, 32;
    %store/vec4 v000002c41c46d510_0, 0, 32;
    %pushi/vec4 0, 0, 3;
    %store/vec4 v000002c41c46b200_0, 0, 3;
    %delay 20, 0;
    %vpi_call 2 37 "$display", "Result of AND (1,0): %d", v000002c41c46d5b0_0 {0 0 0};
    %pushi/vec4 1, 0, 32;
    %store/vec4 v000002c41c46b160_0, 0, 32;
    %pushi/vec4 1, 0, 32;
    %store/vec4 v000002c41c46d510_0, 0, 32;
    %pushi/vec4 1, 0, 3;
    %store/vec4 v000002c41c46b200_0, 0, 3;
    %delay 20, 0;
    %pushi/vec4 1, 0, 32;
    %store/vec4 v000002c41c46b160_0, 0, 32;
    %pushi/vec4 0, 0, 32;
    %store/vec4 v000002c41c46d510_0, 0, 32;
    %pushi/vec4 1, 0, 3;
    %store/vec4 v000002c41c46b200_0, 0, 3;
    %delay 20, 0;
    %vpi_call 2 48 "$display", "Result of OR (1,0): %d", v000002c41c46d5b0_0 {0 0 0};
    %pushi/vec4 1, 0, 32;
    %store/vec4 v000002c41c46b160_0, 0, 32;
    %pushi/vec4 1, 0, 32;
    %store/vec4 v000002c41c46d510_0, 0, 32;
    %pushi/vec4 2, 0, 3;
    %store/vec4 v000002c41c46b200_0, 0, 3;
    %delay 20, 0;
    %pushi/vec4 1, 0, 32;
    %store/vec4 v000002c41c46b160_0, 0, 32;
    %pushi/vec4 0, 0, 32;
    %store/vec4 v000002c41c46d510_0, 0, 32;
    %pushi/vec4 2, 0, 3;
    %store/vec4 v000002c41c46b200_0, 0, 3;
    %delay 20, 0;
    %vpi_call 2 59 "$display", "Result of ADD (1,0): %d", v000002c41c46d5b0_0 {0 0 0};
    %pushi/vec4 1, 0, 32;
    %store/vec4 v000002c41c46b160_0, 0, 32;
    %pushi/vec4 1, 0, 32;
    %store/vec4 v000002c41c46d510_0, 0, 32;
    %pushi/vec4 3, 0, 3;
    %store/vec4 v000002c41c46b200_0, 0, 3;
    %delay 20, 0;
    %pushi/vec4 1, 0, 32;
    %store/vec4 v000002c41c46b160_0, 0, 32;
    %pushi/vec4 0, 0, 32;
    %store/vec4 v000002c41c46d510_0, 0, 32;
    %pushi/vec4 3, 0, 3;
    %store/vec4 v000002c41c46b200_0, 0, 3;
    %delay 20, 0;
    %vpi_call 2 70 "$display", "Result of SUB (1,0): %d", v000002c41c46d5b0_0 {0 0 0};
    %pushi/vec4 1, 0, 32;
    %store/vec4 v000002c41c46b160_0, 0, 32;
    %pushi/vec4 1, 0, 32;
    %store/vec4 v000002c41c46d510_0, 0, 32;
    %pushi/vec4 4, 0, 3;
    %store/vec4 v000002c41c46b200_0, 0, 3;
    %delay 20, 0;
    %pushi/vec4 1, 0, 32;
    %store/vec4 v000002c41c46b160_0, 0, 32;
    %pushi/vec4 0, 0, 32;
    %store/vec4 v000002c41c46d510_0, 0, 32;
    %pushi/vec4 4, 0, 3;
    %store/vec4 v000002c41c46b200_0, 0, 3;
    %delay 20, 0;
    %vpi_call 2 81 "$display", "Result of SLT (1,0): %d", v000002c41c46d5b0_0 {0 0 0};
    %end;
    .thread T_1;
# The file index is used to find the file name in the following table.
:file_names 4;
    "N/A";
    "<interactive>";
    "ALU_tb.v";
    "./ALU.v";
