#! /c/Source/iverilog-install/bin/vvp
:ivl_version "12.0 (devel)" "(s20150603-1539-g2693dd32b)";
:ivl_delay_selection "TYPICAL";
:vpi_time_precision + 0;
:vpi_module "C:\iverilog\lib\ivl\system.vpi";
:vpi_module "C:\iverilog\lib\ivl\vhdl_sys.vpi";
:vpi_module "C:\iverilog\lib\ivl\vhdl_textio.vpi";
:vpi_module "C:\iverilog\lib\ivl\v2005_math.vpi";
:vpi_module "C:\iverilog\lib\ivl\va_math.vpi";
S_00000202ca3b6720 .scope module, "memory" "memory" 2 1;
 .timescale 0 0;
    .port_info 0 /INPUT 16 "address";
    .port_info 1 /INPUT 8 "write_data";
    .port_info 2 /INPUT 1 "write_enable";
    .port_info 3 /OUTPUT 8 "read_data";
L_00000202ca3b6b30 .functor BUFZ 8, L_00000202ca3be130, C4<00000000>, C4<00000000>, C4<00000000>;
v00000202ca3b6ed0_0 .net *"_ivl_0", 7 0, L_00000202ca3be130;  1 drivers
v00000202ca3b68b0_0 .net *"_ivl_2", 17 0, L_00000202ca3be1d0;  1 drivers
L_00000202ca28fc28 .functor BUFT 1, C4<00>, C4<0>, C4<0>, C4<0>;
v00000202ca3b6950_0 .net *"_ivl_5", 1 0, L_00000202ca28fc28;  1 drivers
o00000202ca247048 .functor BUFZ 16, C4<zzzzzzzzzzzzzzzz>; HiZ drive
v00000202ca3b69f0_0 .net "address", 15 0, o00000202ca247048;  0 drivers
v00000202ca3b6a90 .array "mem", 65535 0, 7 0;
v00000202ca3bdf50_0 .net "read_data", 7 0, L_00000202ca3b6b30;  1 drivers
o00000202ca2470a8 .functor BUFZ 8, C4<zzzzzzzz>; HiZ drive
v00000202ca3bdff0_0 .net "write_data", 7 0, o00000202ca2470a8;  0 drivers
o00000202ca2470d8 .functor BUFZ 1, C4<z>; HiZ drive
v00000202ca3be090_0 .net "write_enable", 0 0, o00000202ca2470d8;  0 drivers
E_00000202ca3b8bc0 .event posedge, v00000202ca3be090_0;
L_00000202ca3be130 .array/port v00000202ca3b6a90, L_00000202ca3be1d0;
L_00000202ca3be1d0 .concat [ 16 2 0 0], o00000202ca247048, L_00000202ca28fc28;
    .scope S_00000202ca3b6720;
T_0 ;
    %wait E_00000202ca3b8bc0;
    %load/vec4 v00000202ca3bdff0_0;
    %load/vec4 v00000202ca3b69f0_0;
    %pad/u 18;
    %ix/vec4 3;
    %ix/load 4, 0, 0; Constant delay
    %assign/vec4/a/d v00000202ca3b6a90, 0, 4;
    %jmp T_0;
    .thread T_0;
# The file index is used to find the file name in the following table.
:file_names 3;
    "N/A";
    "<interactive>";
    "Memory.v";
