#! /c/Source/iverilog-install/bin/vvp
:ivl_version "12.0 (devel)" "(s20150603-1539-g2693dd32b)";
:ivl_delay_selection "TYPICAL";
:vpi_time_precision + 0;
:vpi_module "C:\iverilog\lib\ivl\system.vpi";
:vpi_module "C:\iverilog\lib\ivl\vhdl_sys.vpi";
:vpi_module "C:\iverilog\lib\ivl\vhdl_textio.vpi";
:vpi_module "C:\iverilog\lib\ivl\v2005_math.vpi";
:vpi_module "C:\iverilog\lib\ivl\va_math.vpi";
S_000001ba7acda4f0 .scope module, "memory_tb" "memory_tb" 2 3;
 .timescale 0 0;
v000001ba7acd6b20_0 .var "address", 15 0;
v000001ba7af13410_0 .net "read_data", 7 0, L_000001ba7acda3d0;  1 drivers
v000001ba7af134b0_0 .var "write_data", 7 0;
v000001ba7af13550_0 .var "write_enable", 0 0;
S_000001ba7acdbd70 .scope module, "mem" "memory" 2 9, 3 1 0, S_000001ba7acda4f0;
 .timescale 0 0;
    .port_info 0 /INPUT 16 "address";
    .port_info 1 /INPUT 8 "write_data";
    .port_info 2 /INPUT 1 "write_enable";
    .port_info 3 /OUTPUT 8 "read_data";
L_000001ba7acda3d0 .functor BUFZ 8, L_000001ba7af135f0, C4<00000000>, C4<00000000>, C4<00000000>;
v000001ba7acd6f10_0 .net *"_ivl_0", 7 0, L_000001ba7af135f0;  1 drivers
v000001ba7acda330_0 .net *"_ivl_2", 17 0, L_000001ba7af13690;  1 drivers
L_000001ba7af5c008 .functor BUFT 1, C4<00>, C4<0>, C4<0>, C4<0>;
v000001ba7acd6760_0 .net *"_ivl_5", 1 0, L_000001ba7af5c008;  1 drivers
v000001ba7acd6800_0 .net "address", 15 0, v000001ba7acd6b20_0;  1 drivers
v000001ba7acd68a0 .array "mem", 65535 0, 7 0;
v000001ba7acd6940_0 .net "read_data", 7 0, L_000001ba7acda3d0;  alias, 1 drivers
v000001ba7acd69e0_0 .net "write_data", 7 0, v000001ba7af134b0_0;  1 drivers
v000001ba7acd6a80_0 .net "write_enable", 0 0, v000001ba7af13550_0;  1 drivers
E_000001ba7acd8d70 .event posedge, v000001ba7acd6a80_0;
L_000001ba7af135f0 .array/port v000001ba7acd68a0, L_000001ba7af13690;
L_000001ba7af13690 .concat [ 16 2 0 0], v000001ba7acd6b20_0, L_000001ba7af5c008;
    .scope S_000001ba7acdbd70;
T_0 ;
    %wait E_000001ba7acd8d70;
    %load/vec4 v000001ba7acd69e0_0;
    %load/vec4 v000001ba7acd6800_0;
    %pad/u 18;
    %ix/vec4 3;
    %ix/load 4, 0, 0; Constant delay
    %assign/vec4/a/d v000001ba7acd68a0, 0, 4;
    %jmp T_0;
    .thread T_0;
    .scope S_000001ba7acda4f0;
T_1 ;
    %vpi_call 2 12 "$dumpfile", "Memory_tb.vcd" {0 0 0};
    %vpi_call 2 13 "$dumpvars", 32'sb00000000000000000000000000000000, S_000001ba7acda4f0 {0 0 0};
    %pushi/vec4 0, 0, 16;
    %store/vec4 v000001ba7acd6b20_0, 0, 16;
    %pushi/vec4 170, 0, 8;
    %store/vec4 v000001ba7af134b0_0, 0, 8;
    %pushi/vec4 1, 0, 1;
    %store/vec4 v000001ba7af13550_0, 0, 1;
    %delay 10, 0;
    %pushi/vec4 0, 0, 1;
    %store/vec4 v000001ba7af13550_0, 0, 1;
    %delay 10, 0;
    %vpi_call 2 25 "$display", "read_data = %h", v000001ba7af13410_0 {0 0 0};
    %pushi/vec4 1, 0, 16;
    %store/vec4 v000001ba7acd6b20_0, 0, 16;
    %pushi/vec4 187, 0, 8;
    %store/vec4 v000001ba7af134b0_0, 0, 8;
    %pushi/vec4 1, 0, 1;
    %store/vec4 v000001ba7af13550_0, 0, 1;
    %delay 10, 0;
    %pushi/vec4 0, 0, 16;
    %store/vec4 v000001ba7acd6b20_0, 0, 16;
    %pushi/vec4 0, 0, 1;
    %store/vec4 v000001ba7af13550_0, 0, 1;
    %delay 10, 0;
    %vpi_call 2 38 "$display", "read_data = %h", v000001ba7af13410_0 {0 0 0};
    %pushi/vec4 1, 0, 16;
    %store/vec4 v000001ba7acd6b20_0, 0, 16;
    %delay 10, 0;
    %vpi_call 2 44 "$display", "read_data = %h", v000001ba7af13410_0 {0 0 0};
    %end;
    .thread T_1;
# The file index is used to find the file name in the following table.
:file_names 4;
    "N/A";
    "<interactive>";
    "Memory_tb.v";
    "./memory.v";
