#! /c/Source/iverilog-install/bin/vvp
:ivl_version "12.0 (devel)" "(s20150603-1539-g2693dd32b)";
:ivl_delay_selection "TYPICAL";
:vpi_time_precision + 0;
:vpi_module "C:\iverilog\lib\ivl\system.vpi";
:vpi_module "C:\iverilog\lib\ivl\vhdl_sys.vpi";
:vpi_module "C:\iverilog\lib\ivl\vhdl_textio.vpi";
:vpi_module "C:\iverilog\lib\ivl\v2005_math.vpi";
:vpi_module "C:\iverilog\lib\ivl\va_math.vpi";
S_000001e8faeab890 .scope module, "top" "top" 2 3;
 .timescale 0 0;
v000001e8faead510_0 .var "a", 31 0;
v000001e8faead5b0_0 .var "alu_control", 2 0;
v000001e8faead650_0 .var "b", 31 0;
v000001e8faead6f0_0 .net "result", 31 0, v000001e8faeabe30_0;  1 drivers
v000001e8faef36c0_0 .net "zero", 0 0, L_000001e8faef3760;  1 drivers
S_000001e8faead380 .scope module, "alu" "ALU" 2 9, 3 1 0, S_000001e8faeab890;
 .timescale 0 0;
    .port_info 0 /INPUT 32 "a";
    .port_info 1 /INPUT 32 "b";
    .port_info 2 /INPUT 3 "alu_control";
    .port_info 3 /OUTPUT 32 "result";
    .port_info 4 /OUTPUT 1 "zero";
L_000001e8faf3b858 .functor BUFT 1, C4<00000000000000000000000000000000>, C4<0>, C4<0>, C4<0>;
v000001e8faea6f10_0 .net/2u *"_ivl_0", 31 0, L_000001e8faf3b858;  1 drivers
v000001e8faea7150_0 .net "a", 31 0, v000001e8faead510_0;  1 drivers
v000001e8faeaba20_0 .net "alu_control", 2 0, v000001e8faead5b0_0;  1 drivers
v000001e8faeabac0_0 .net "b", 31 0, v000001e8faead650_0;  1 drivers
v000001e8faeabe30_0 .var "result", 31 0;
v000001e8faeabed0_0 .net "zero", 0 0, L_000001e8faef3760;  alias, 1 drivers
E_000001e8faeaa7b0 .event anyedge, v000001e8faeaba20_0, v000001e8faea7150_0, v000001e8faeabac0_0;
L_000001e8faef3760 .cmp/eq 32, v000001e8faeabe30_0, L_000001e8faf3b858;
    .scope S_000001e8faead380;
T_0 ;
    %wait E_000001e8faeaa7b0;
    %load/vec4 v000001e8faeaba20_0;
    %dup/vec4;
    %pushi/vec4 0, 0, 3;
    %cmp/u;
    %jmp/1 T_0.0, 6;
    %dup/vec4;
    %pushi/vec4 1, 0, 3;
    %cmp/u;
    %jmp/1 T_0.1, 6;
    %dup/vec4;
    %pushi/vec4 2, 0, 3;
    %cmp/u;
    %jmp/1 T_0.2, 6;
    %dup/vec4;
    %pushi/vec4 3, 0, 3;
    %cmp/u;
    %jmp/1 T_0.3, 6;
    %dup/vec4;
    %pushi/vec4 4, 0, 3;
    %cmp/u;
    %jmp/1 T_0.4, 6;
    %pushi/vec4 0, 0, 32;
    %store/vec4 v000001e8faeabe30_0, 0, 32;
    %jmp T_0.6;
T_0.0 ;
    %load/vec4 v000001e8faea7150_0;
    %load/vec4 v000001e8faeabac0_0;
    %and;
    %store/vec4 v000001e8faeabe30_0, 0, 32;
    %jmp T_0.6;
T_0.1 ;
    %load/vec4 v000001e8faea7150_0;
    %load/vec4 v000001e8faeabac0_0;
    %or;
    %store/vec4 v000001e8faeabe30_0, 0, 32;
    %jmp T_0.6;
T_0.2 ;
    %load/vec4 v000001e8faea7150_0;
    %load/vec4 v000001e8faeabac0_0;
    %add;
    %store/vec4 v000001e8faeabe30_0, 0, 32;
    %jmp T_0.6;
T_0.3 ;
    %load/vec4 v000001e8faea7150_0;
    %load/vec4 v000001e8faeabac0_0;
    %sub;
    %store/vec4 v000001e8faeabe30_0, 0, 32;
    %jmp T_0.6;
T_0.4 ;
    %load/vec4 v000001e8faea7150_0;
    %load/vec4 v000001e8faeabac0_0;
    %cmp/u;
    %flag_get/vec4 5;
    %pad/u 32;
    %store/vec4 v000001e8faeabe30_0, 0, 32;
    %jmp T_0.6;
T_0.6 ;
    %pop/vec4 1;
    %jmp T_0;
    .thread T_0, $push;
    .scope S_000001e8faeab890;
T_1 ;
    %pushi/vec4 32768, 0, 32;
    %store/vec4 v000001e8faead510_0, 0, 32;
    %pushi/vec4 32768, 0, 32;
    %store/vec4 v000001e8faead650_0, 0, 32;
    %pushi/vec4 2, 0, 3;
    %store/vec4 v000001e8faead5b0_0, 0, 3;
    %delay 10, 0;
    %vpi_call 2 18 "$display", "result = %h, zero = %b", v000001e8faead6f0_0, v000001e8faef36c0_0 {0 0 0};
    %end;
    .thread T_1;
# The file index is used to find the file name in the following table.
:file_names 4;
    "N/A";
    "<interactive>";
    "SignExtendTop.v";
    "./ALU.v";
