#! /c/Source/iverilog-install/bin/vvp
:ivl_version "12.0 (devel)" "(s20150603-1539-g2693dd32b)";
:ivl_delay_selection "TYPICAL";
:vpi_time_precision + 0;
:vpi_module "C:\iverilog\lib\ivl\system.vpi";
:vpi_module "C:\iverilog\lib\ivl\vhdl_sys.vpi";
:vpi_module "C:\iverilog\lib\ivl\vhdl_textio.vpi";
:vpi_module "C:\iverilog\lib\ivl\v2005_math.vpi";
:vpi_module "C:\iverilog\lib\ivl\va_math.vpi";
S_000001ac7a87e6d0 .scope module, "ALU" "ALU" 2 9;
 .timescale 0 0;
    .port_info 0 /INPUT 32 "a";
    .port_info 1 /INPUT 32 "b";
    .port_info 2 /INPUT 3 "alu_control";
    .port_info 3 /OUTPUT 32 "result";
    .port_info 4 /OUTPUT 1 "zero";
L_000001ac7a91be58 .functor BUFT 1, C4<00000000000000000000000000000000>, C4<0>, C4<0>, C4<0>;
v000001ac7a87e9f0_0 .net/2u *"_ivl_2", 31 0, L_000001ac7a91be58;  1 drivers
o000001ac7a8ca128 .functor BUFZ 32, C4<zzzzzzzzzzzzzzzzzzzzzzzzzzzzzzzz>; HiZ drive
v000001ac7a87ea90_0 .net "a", 31 0, o000001ac7a8ca128;  0 drivers
o000001ac7a8ca158 .functor BUFZ 3, C4<zzz>; HiZ drive
v000001ac7a8c55c0_0 .net "alu_control", 2 0, o000001ac7a8ca158;  0 drivers
o000001ac7a8ca188 .functor BUFZ 32, C4<zzzzzzzzzzzzzzzzzzzzzzzzzzzzzzzz>; HiZ drive
v000001ac7a8c5660_0 .net "b", 31 0, o000001ac7a8ca188;  0 drivers
v000001ac7a8c5700_0 .net "b_ext", 31 0, L_000001ac7a91b390;  1 drivers
v000001ac7a8c57a0_0 .var "result", 31 0;
v000001ac7a91a850_0 .net "zero", 0 0, L_000001ac7a91ad50;  1 drivers
E_000001ac7a8c7820 .event anyedge, v000001ac7a8c55c0_0, v000001ac7a87ea90_0, v000001ac7a87b750_0;
L_000001ac7a91b930 .part o000001ac7a8ca188, 0, 16;
L_000001ac7a91ad50 .cmp/eq 32, v000001ac7a8c57a0_0, L_000001ac7a91be58;
S_000001ac7a8c5430 .scope module, "se" "sign_extend" 2 17, 2 2 0, S_000001ac7a87e6d0;
 .timescale 0 0;
    .port_info 0 /INPUT 16 "in";
    .port_info 1 /OUTPUT 32 "out";
v000001ac7a876f30_0 .net *"_ivl_1", 0 0, L_000001ac7a91b6b0;  1 drivers
v000001ac7a876b60_0 .net *"_ivl_2", 15 0, L_000001ac7a91b1b0;  1 drivers
v000001ac7a87b980_0 .net "in", 15 0, L_000001ac7a91b930;  1 drivers
v000001ac7a87b750_0 .net "out", 31 0, L_000001ac7a91b390;  alias, 1 drivers
L_000001ac7a91b6b0 .part L_000001ac7a91b930, 15, 1;
LS_000001ac7a91b1b0_0_0 .concat [ 1 1 1 1], L_000001ac7a91b6b0, L_000001ac7a91b6b0, L_000001ac7a91b6b0, L_000001ac7a91b6b0;
LS_000001ac7a91b1b0_0_4 .concat [ 1 1 1 1], L_000001ac7a91b6b0, L_000001ac7a91b6b0, L_000001ac7a91b6b0, L_000001ac7a91b6b0;
LS_000001ac7a91b1b0_0_8 .concat [ 1 1 1 1], L_000001ac7a91b6b0, L_000001ac7a91b6b0, L_000001ac7a91b6b0, L_000001ac7a91b6b0;
LS_000001ac7a91b1b0_0_12 .concat [ 1 1 1 1], L_000001ac7a91b6b0, L_000001ac7a91b6b0, L_000001ac7a91b6b0, L_000001ac7a91b6b0;
L_000001ac7a91b1b0 .concat [ 4 4 4 4], LS_000001ac7a91b1b0_0_0, LS_000001ac7a91b1b0_0_4, LS_000001ac7a91b1b0_0_8, LS_000001ac7a91b1b0_0_12;
L_000001ac7a91b390 .concat [ 16 16 0 0], L_000001ac7a91b930, L_000001ac7a91b1b0;
S_000001ac7a87e860 .scope module, "sign_extend_tb" "sign_extend_tb" 3 3;
 .timescale 0 0;
v000001ac7a91b110_0 .var "in", 15 0;
v000001ac7a91b430_0 .net "out", 31 0, L_000001ac7a91b570;  1 drivers
S_000001ac7a91a8f0 .scope module, "se" "sign_extend" 3 7, 2 2 0, S_000001ac7a87e860;
 .timescale 0 0;
    .port_info 0 /INPUT 16 "in";
    .port_info 1 /OUTPUT 32 "out";
v000001ac7a91aa80_0 .net *"_ivl_1", 0 0, L_000001ac7a91acb0;  1 drivers
v000001ac7a91b2f0_0 .net *"_ivl_2", 15 0, L_000001ac7a91ac10;  1 drivers
v000001ac7a91b610_0 .net "in", 15 0, v000001ac7a91b110_0;  1 drivers
v000001ac7a91b250_0 .net "out", 31 0, L_000001ac7a91b570;  alias, 1 drivers
L_000001ac7a91acb0 .part v000001ac7a91b110_0, 15, 1;
LS_000001ac7a91ac10_0_0 .concat [ 1 1 1 1], L_000001ac7a91acb0, L_000001ac7a91acb0, L_000001ac7a91acb0, L_000001ac7a91acb0;
LS_000001ac7a91ac10_0_4 .concat [ 1 1 1 1], L_000001ac7a91acb0, L_000001ac7a91acb0, L_000001ac7a91acb0, L_000001ac7a91acb0;
LS_000001ac7a91ac10_0_8 .concat [ 1 1 1 1], L_000001ac7a91acb0, L_000001ac7a91acb0, L_000001ac7a91acb0, L_000001ac7a91acb0;
LS_000001ac7a91ac10_0_12 .concat [ 1 1 1 1], L_000001ac7a91acb0, L_000001ac7a91acb0, L_000001ac7a91acb0, L_000001ac7a91acb0;
L_000001ac7a91ac10 .concat [ 4 4 4 4], LS_000001ac7a91ac10_0_0, LS_000001ac7a91ac10_0_4, LS_000001ac7a91ac10_0_8, LS_000001ac7a91ac10_0_12;
L_000001ac7a91b570 .concat [ 16 16 0 0], v000001ac7a91b110_0, L_000001ac7a91ac10;
    .scope S_000001ac7a87e6d0;
T_0 ;
    %wait E_000001ac7a8c7820;
    %load/vec4 v000001ac7a8c55c0_0;
    %dup/vec4;
    %pushi/vec4 0, 0, 3;
    %cmp/u;
    %jmp/1 T_0.0, 6;
    %dup/vec4;
    %pushi/vec4 1, 0, 3;
    %cmp/u;
    %jmp/1 T_0.1, 6;
    %dup/vec4;
    %pushi/vec4 2, 0, 3;
    %cmp/u;
    %jmp/1 T_0.2, 6;
    %dup/vec4;
    %pushi/vec4 3, 0, 3;
    %cmp/u;
    %jmp/1 T_0.3, 6;
    %dup/vec4;
    %pushi/vec4 4, 0, 3;
    %cmp/u;
    %jmp/1 T_0.4, 6;
    %pushi/vec4 0, 0, 32;
    %store/vec4 v000001ac7a8c57a0_0, 0, 32;
    %jmp T_0.6;
T_0.0 ;
    %load/vec4 v000001ac7a87ea90_0;
    %load/vec4 v000001ac7a8c5700_0;
    %and;
    %store/vec4 v000001ac7a8c57a0_0, 0, 32;
    %jmp T_0.6;
T_0.1 ;
    %load/vec4 v000001ac7a87ea90_0;
    %load/vec4 v000001ac7a8c5700_0;
    %or;
    %store/vec4 v000001ac7a8c57a0_0, 0, 32;
    %jmp T_0.6;
T_0.2 ;
    %load/vec4 v000001ac7a87ea90_0;
    %load/vec4 v000001ac7a8c5700_0;
    %add;
    %store/vec4 v000001ac7a8c57a0_0, 0, 32;
    %jmp T_0.6;
T_0.3 ;
    %load/vec4 v000001ac7a87ea90_0;
    %load/vec4 v000001ac7a8c5700_0;
    %sub;
    %store/vec4 v000001ac7a8c57a0_0, 0, 32;
    %jmp T_0.6;
T_0.4 ;
    %load/vec4 v000001ac7a87ea90_0;
    %load/vec4 v000001ac7a8c5700_0;
    %cmp/u;
    %flag_get/vec4 5;
    %pad/u 32;
    %store/vec4 v000001ac7a8c57a0_0, 0, 32;
    %jmp T_0.6;
T_0.6 ;
    %pop/vec4 1;
    %jmp T_0;
    .thread T_0, $push;
    .scope S_000001ac7a87e860;
T_1 ;
    %vpi_call 3 10 "$dumpfile", "SignExtend_tb.vcd" {0 0 0};
    %vpi_call 3 11 "$dumpvars", 32'sb00000000000000000000000000000000, S_000001ac7a87e860 {0 0 0};
    %pushi/vec4 1, 0, 16;
    %store/vec4 v000001ac7a91b110_0, 0, 16;
    %delay 10, 0;
    %vpi_call 3 16 "$display", "out = %h", v000001ac7a91b430_0 {0 0 0};
    %pushi/vec4 65535, 0, 16;
    %store/vec4 v000001ac7a91b110_0, 0, 16;
    %delay 10, 0;
    %vpi_call 3 21 "$display", "out = %h", v000001ac7a91b430_0 {0 0 0};
    %end;
    .thread T_1;
# The file index is used to find the file name in the following table.
:file_names 4;
    "N/A";
    "<interactive>";
    "./SignExtend.v";
    "SignExtend_tb.v";
